[WARN ] 2018-08-27 12:46:09.758 [default task-1] WelcomeServlet - Template doesn't exist
freemarker.core.InvalidReferenceException: The following has evaluated to null or missing:
==> LAMAS  [in template "logingForm.ftlh" at line 11, column 91]

----
Tip: If the failing expression is known to legally refer to something that's sometimes null or missing, either specify a default value like myOptionalVar!myDefault, or use <#if myOptionalVar??>when-present<#else>when-missing</#if>. (These only cover the last step of the expression; to cover the whole expression, use parenthesis: (myOptionalVar.foo)!myDefault, (myOptionalVar.foo)??
----

----
FTL stack trace ("~" means nesting-related):
	- Failed at: #{LAMAS.login}  [in template "logingForm.ftlh" at line 11, column 89]
	- Reached through: #include "logingForm.ftlh"  [in template "index.ftlh" at line 37, column 9]
----
	at freemarker.core.InvalidReferenceException.getInstance(InvalidReferenceException.java:134) ~[freemarker-2.3.28.jar:2.3.28]
	at freemarker.core.UnexpectedTypeException.newDesciptionBuilder(UnexpectedTypeException.java:85) ~[freemarker-2.3.28.jar:2.3.28]
	at freemarker.core.UnexpectedTypeException.<init>(UnexpectedTypeException.java:48) ~[freemarker-2.3.28.jar:2.3.28]
	at freemarker.core.NonHashException.<init>(NonHashException.java:49) ~[freemarker-2.3.28.jar:2.3.28]
	at freemarker.core.Dot._eval(Dot.java:48) ~[freemarker-2.3.28.jar:2.3.28]
	at freemarker.core.Expression.eval(Expression.java:83) ~[freemarker-2.3.28.jar:2.3.28]
	at freemarker.core.Expression.evalToNumber(Expression.java:134) ~[freemarker-2.3.28.jar:2.3.28]
	at freemarker.core.NumericalOutput.calculateInterpolatedStringOrMarkup(NumericalOutput.java:78) ~[freemarker-2.3.28.jar:2.3.28]
	at freemarker.core.NumericalOutput.accept(NumericalOutput.java:66) ~[freemarker-2.3.28.jar:2.3.28]
	at freemarker.core.Environment.visit(Environment.java:330) ~[freemarker-2.3.28.jar:2.3.28]
	at freemarker.core.Environment.visit(Environment.java:336) ~[freemarker-2.3.28.jar:2.3.28]
	at freemarker.core.Environment.include(Environment.java:2582) ~[freemarker-2.3.28.jar:2.3.28]
	at freemarker.core.Include.accept(Include.java:171) ~[freemarker-2.3.28.jar:2.3.28]
	at freemarker.core.Environment.visit(Environment.java:330) ~[freemarker-2.3.28.jar:2.3.28]
	at freemarker.core.Environment.visit(Environment.java:336) ~[freemarker-2.3.28.jar:2.3.28]
	at freemarker.core.Environment.process(Environment.java:309) ~[freemarker-2.3.28.jar:2.3.28]
	at freemarker.template.Template.process(Template.java:384) ~[freemarker-2.3.28.jar:2.3.28]
	at com.LamaBook.servlet.WelcomeServlet.doGet(WelcomeServlet.java:37) ~[classes:?]
	at javax.servlet.http.HttpServlet.service(HttpServlet.java:687) ~[jboss-servlet-api_3.1_spec-1.0.2.Final.jar!/:1.0.2.Final]
	at javax.servlet.http.HttpServlet.service(HttpServlet.java:790) ~[jboss-servlet-api_3.1_spec-1.0.2.Final.jar!/:1.0.2.Final]
	at io.undertow.servlet.handlers.ServletHandler.handleRequest(ServletHandler.java:74) ~[undertow-servlet-2.0.9.Final.jar!/:2.0.9.Final]
	at io.undertow.servlet.handlers.security.ServletSecurityRoleHandler.handleRequest(ServletSecurityRoleHandler.java:62) ~[undertow-servlet-2.0.9.Final.jar!/:2.0.9.Final]
	at io.undertow.servlet.handlers.ServletChain$1.handleRequest(ServletChain.java:68) ~[undertow-servlet-2.0.9.Final.jar!/:2.0.9.Final]
	at io.undertow.servlet.handlers.ServletDispatchingHandler.handleRequest(ServletDispatchingHandler.java:36) ~[undertow-servlet-2.0.9.Final.jar!/:2.0.9.Final]
	at org.wildfly.extension.undertow.security.SecurityContextAssociationHandler.handleRequest(SecurityContextAssociationHandler.java:78) ~[?:?]
	at io.undertow.server.handlers.PredicateHandler.handleRequest(PredicateHandler.java:43) ~[undertow-core-2.0.9.Final.jar!/:2.0.9.Final]
	at io.undertow.servlet.handlers.security.SSLInformationAssociationHandler.handleRequest(SSLInformationAssociationHandler.java:132) ~[undertow-servlet-2.0.9.Final.jar!/:2.0.9.Final]
	at io.undertow.servlet.handlers.security.ServletAuthenticationCallHandler.handleRequest(ServletAuthenticationCallHandler.java:57) ~[undertow-servlet-2.0.9.Final.jar!/:2.0.9.Final]
	at io.undertow.server.handlers.PredicateHandler.handleRequest(PredicateHandler.java:43) ~[undertow-core-2.0.9.Final.jar!/:2.0.9.Final]
	at io.undertow.security.handlers.AbstractConfidentialityHandler.handleRequest(AbstractConfidentialityHandler.java:46) ~[undertow-core-2.0.9.Final.jar!/:2.0.9.Final]
	at io.undertow.servlet.handlers.security.ServletConfidentialityConstraintHandler.handleRequest(ServletConfidentialityConstraintHandler.java:64) ~[undertow-servlet-2.0.9.Final.jar!/:2.0.9.Final]
	at io.undertow.security.handlers.AuthenticationMechanismsHandler.handleRequest(AuthenticationMechanismsHandler.java:60) ~[undertow-core-2.0.9.Final.jar!/:2.0.9.Final]
	at io.undertow.servlet.handlers.security.CachedAuthenticatedSessionHandler.handleRequest(CachedAuthenticatedSessionHandler.java:77) ~[undertow-servlet-2.0.9.Final.jar!/:2.0.9.Final]
	at io.undertow.security.handlers.NotificationReceiverHandler.handleRequest(NotificationReceiverHandler.java:50) ~[undertow-core-2.0.9.Final.jar!/:2.0.9.Final]
	at io.undertow.security.handlers.AbstractSecurityContextAssociationHandler.handleRequest(AbstractSecurityContextAssociationHandler.java:43) ~[undertow-core-2.0.9.Final.jar!/:2.0.9.Final]
	at io.undertow.server.handlers.PredicateHandler.handleRequest(PredicateHandler.java:43) ~[undertow-core-2.0.9.Final.jar!/:2.0.9.Final]
	at org.wildfly.extension.undertow.security.jacc.JACCContextIdHandler.handleRequest(JACCContextIdHandler.java:61) ~[?:?]
	at io.undertow.server.handlers.PredicateHandler.handleRequest(PredicateHandler.java:43) ~[undertow-core-2.0.9.Final.jar!/:2.0.9.Final]
	at org.wildfly.extension.undertow.deployment.GlobalRequestControllerHandler.handleRequest(GlobalRequestControllerHandler.java:68) ~[?:?]
	at io.undertow.server.handlers.PredicateHandler.handleRequest(PredicateHandler.java:43) ~[undertow-core-2.0.9.Final.jar!/:2.0.9.Final]
	at io.undertow.servlet.handlers.ServletInitialHandler.handleFirstRequest(ServletInitialHandler.java:292) ~[undertow-servlet-2.0.9.Final.jar!/:2.0.9.Final]
	at io.undertow.servlet.handlers.ServletInitialHandler.access$100(ServletInitialHandler.java:81) ~[undertow-servlet-2.0.9.Final.jar!/:2.0.9.Final]
	at io.undertow.servlet.handlers.ServletInitialHandler$2.call(ServletInitialHandler.java:138) ~[undertow-servlet-2.0.9.Final.jar!/:2.0.9.Final]
	at io.undertow.servlet.handlers.ServletInitialHandler$2.call(ServletInitialHandler.java:135) ~[undertow-servlet-2.0.9.Final.jar!/:2.0.9.Final]
	at io.undertow.servlet.core.ServletRequestContextThreadSetupAction$1.call(ServletRequestContextThreadSetupAction.java:48) ~[undertow-servlet-2.0.9.Final.jar!/:2.0.9.Final]
	at io.undertow.servlet.core.ContextClassLoaderSetupAction$1.call(ContextClassLoaderSetupAction.java:43) ~[undertow-servlet-2.0.9.Final.jar!/:2.0.9.Final]
	at org.wildfly.extension.undertow.security.SecurityContextThreadSetupAction.lambda$create$0(SecurityContextThreadSetupAction.java:105) ~[?:?]
	at org.wildfly.extension.undertow.deployment.UndertowDeploymentInfoService$UndertowThreadSetupAction.lambda$create$0(UndertowDeploymentInfoService.java:1514) ~[?:?]
	at org.wildfly.extension.undertow.deployment.UndertowDeploymentInfoService$UndertowThreadSetupAction.lambda$create$0(UndertowDeploymentInfoService.java:1514) ~[?:?]
	at org.wildfly.extension.undertow.deployment.UndertowDeploymentInfoService$UndertowThreadSetupAction.lambda$create$0(UndertowDeploymentInfoService.java:1514) ~[?:?]
	at org.wildfly.extension.undertow.deployment.UndertowDeploymentInfoService$UndertowThreadSetupAction.lambda$create$0(UndertowDeploymentInfoService.java:1514) ~[?:?]
	at org.wildfly.extension.undertow.deployment.UndertowDeploymentInfoService$UndertowThreadSetupAction.lambda$create$0(UndertowDeploymentInfoService.java:1514) ~[?:?]
	at io.undertow.servlet.handlers.ServletInitialHandler.dispatchRequest(ServletInitialHandler.java:272) ~[undertow-servlet-2.0.9.Final.jar!/:2.0.9.Final]
	at io.undertow.servlet.handlers.ServletInitialHandler.access$000(ServletInitialHandler.java:81) ~[undertow-servlet-2.0.9.Final.jar!/:2.0.9.Final]
	at io.undertow.servlet.handlers.ServletInitialHandler$1.handleRequest(ServletInitialHandler.java:104) ~[undertow-servlet-2.0.9.Final.jar!/:2.0.9.Final]
	at io.undertow.server.Connectors.executeRootHandler(Connectors.java:360) ~[undertow-core-2.0.9.Final.jar!/:2.0.9.Final]
	at io.undertow.server.HttpServerExchange$1.run(HttpServerExchange.java:830) ~[undertow-core-2.0.9.Final.jar!/:2.0.9.Final]
	at org.jboss.threads.ContextClassLoaderSavingRunnable.run(ContextClassLoaderSavingRunnable.java:35) ~[?:?]
	at org.jboss.threads.EnhancedQueueExecutor.safeRun(EnhancedQueueExecutor.java:1985) ~[?:?]
	at org.jboss.threads.EnhancedQueueExecutor$ThreadBody.doRunTask(EnhancedQueueExecutor.java:1487) ~[?:?]
	at org.jboss.threads.EnhancedQueueExecutor$ThreadBody.run(EnhancedQueueExecutor.java:1349) ~[?:?]
	at java.lang.Thread.run(Thread.java:844) ~[?:?]
